>>> Configuration in: conf/ <<<

 BOARD_CONF -I /usr/src/embox/fork/embox/conf -I /usr/src/embox/fork/embox/board_config -I /usr/src/embox/fork/embox/mk/board_conf -I /usr/src/embox/fork/embox/platform/niiet/board_config -I /usr/src/embox/fork/embox/platform/vostok/board_config
cc -I /usr/src/embox/fork/embox/conf -I /usr/src/embox/fork/embox/board_config -I /usr/src/embox/fork/embox/mk/board_conf -I /usr/src/embox/fork/embox/platform/niiet/board_config -I /usr/src/embox/fork/embox/platform/vostok/board_config -o /usr/src/embox/fork/embox/build/base/gen_board_conf /usr/src/embox/fork/embox/mk/board_conf/gen_board_conf.c
/usr/src/embox/fork/embox/build/base/gen_board_conf > /usr/src/embox/fork/embox/build/base/gen/include/config/board_config.h
make[4]: Nothing to be done for 'all'.
make[4]: Nothing to be done for 'all'.
make[4]: Nothing to be done for 'all'.
riscv64-unknown-elf-gcc  -std=gnu99 -pipe -ffile-prefix-map=`pwd`=. -fno-strict-aliasing -fno-common -fno-stack-protector -fno-pic -Wall -Werror -Wformat -Wundef -Wno-trigraphs -Wno-char-subscripts -g -O0 -march=rv32imfc_zba_zbb_zbc_zbs_zicsr_zifencei -mabi=ilp32f -Wno-misleading-indentation -Wno-nonnull-compare -U__linux__ -Ulinux -U__linux -D__unix -D__EMBOX__ -D__EMBOX_VERSION__=\"0.7.0\" -D__EMBOX_PLATFORM__vostok_mega_015__ -I/usr/src/embox/fork/embox/build/base/include -I/usr/src/embox/fork/embox/build/base/gen/include -I/usr/src/embox/fork/embox/src/include -I/usr/src/embox/fork/embox/src/arch/riscv/include -I/usr/src/embox/fork/embox/src/compat/linux/include -I/usr/src/embox/fork/embox/src/compat/posix/include -I/usr/src/embox/fork/embox/src/compat/bsd/include -I/usr/src/embox/fork/embox/src/compat/libc/include -I/usr/src/embox/fork/embox/build/base/gen/src/include -nostdinc -MMD -MP  -include /usr/src/embox/fork/embox/build/base/gen/include/config/embox/driver/clk/niiet/k1921vg015_rcu.h -D__EMBUILD_MOD__=embox__driver__clk__niiet__k1921vg015_rcu -c -o /usr/src/embox/fork/embox/build/base/obj/src/drivers/clk/niiet/k1921vg015/k1921vg015_rcu.o /usr/src/embox/fork/embox/src/drivers/clk/niiet/k1921vg015/k1921vg015_rcu.c
riscv64-unknown-elf-ld -r -o /usr/src/embox/fork/embox/build/base/obj/module/embox/driver/clk/niiet/k1921vg015_rcu.o -static -nostdlib -znoexecstack -melf32lriscv \
	/usr/src/embox/fork/embox/build/base/obj/src/drivers/clk/niiet/k1921vg015/k1921vg015_rcu.o
riscv64-unknown-elf-gcc  -std=gnu99 -pipe -ffile-prefix-map=`pwd`=. -fno-strict-aliasing -fno-common -fno-stack-protector -fno-pic -Wall -Werror -Wformat -Wundef -Wno-trigraphs -Wno-char-subscripts -g -O0 -march=rv32imfc_zba_zbb_zbc_zbs_zicsr_zifencei -mabi=ilp32f -Wno-misleading-indentation -Wno-nonnull-compare -U__linux__ -Ulinux -U__linux -D__unix -D__EMBOX__ -D__EMBOX_VERSION__=\"0.7.0\" -D__EMBOX_PLATFORM__vostok_mega_015__ -I/usr/src/embox/fork/embox/build/base/include -I/usr/src/embox/fork/embox/build/base/gen/include -I/usr/src/embox/fork/embox/src/include -I/usr/src/embox/fork/embox/src/arch/riscv/include -I/usr/src/embox/fork/embox/src/compat/linux/include -I/usr/src/embox/fork/embox/src/compat/posix/include -I/usr/src/embox/fork/embox/src/compat/bsd/include -I/usr/src/embox/fork/embox/src/compat/libc/include -I/usr/src/embox/fork/embox/build/base/gen/src/include -nostdinc -MMD -MP  -include /usr/src/embox/fork/embox/build/base/gen/include/config/embox/driver/serial/pl011.h -D__EMBUILD_MOD__=embox__driver__serial__pl011 -c -o /usr/src/embox/fork/embox/build/base/obj/src/drivers/serial/pl011/pl011.o /usr/src/embox/fork/embox/src/drivers/serial/pl011/pl011.c
riscv64-unknown-elf-ld -r -o /usr/src/embox/fork/embox/build/base/obj/module/embox/driver/serial/pl011.o -static -nostdlib -znoexecstack -melf32lriscv \
	/usr/src/embox/fork/embox/build/base/obj/src/drivers/serial/pl011/pl011.o
riscv64-unknown-elf-gcc  -std=gnu99 -pipe -ffile-prefix-map=`pwd`=. -fno-strict-aliasing -fno-common -fno-stack-protector -fno-pic -Wall -Werror -Wformat -Wundef -Wno-trigraphs -Wno-char-subscripts -g -O0 -march=rv32imfc_zba_zbb_zbc_zbs_zicsr_zifencei -mabi=ilp32f -Wno-misleading-indentation -Wno-nonnull-compare -U__linux__ -Ulinux -U__linux -D__unix -D__EMBOX__ -D__EMBOX_VERSION__=\"0.7.0\" -D__EMBOX_PLATFORM__vostok_mega_015__ -I/usr/src/embox/fork/embox/build/base/include -I/usr/src/embox/fork/embox/build/base/gen/include -I/usr/src/embox/fork/embox/src/include -I/usr/src/embox/fork/embox/src/arch/riscv/include -I/usr/src/embox/fork/embox/src/compat/linux/include -I/usr/src/embox/fork/embox/src/compat/posix/include -I/usr/src/embox/fork/embox/src/compat/bsd/include -I/usr/src/embox/fork/embox/src/compat/libc/include -I/usr/src/embox/fork/embox/build/base/gen/src/include -nostdinc -MMD -MP  -include /usr/src/embox/fork/embox/build/base/gen/include/config/embox/driver/gpio/niiet_gpio.h -D__EMBUILD_MOD__=embox__driver__gpio__niiet_gpio -c -o /usr/src/embox/fork/embox/build/base/obj/src/drivers/gpio/niiet/niiet_gpio/niiet_gpio.o /usr/src/embox/fork/embox/src/drivers/gpio/niiet/niiet_gpio/niiet_gpio.c
riscv64-unknown-elf-ld -r -o /usr/src/embox/fork/embox/build/base/obj/module/embox/driver/gpio/niiet_gpio.o -static -nostdlib -znoexecstack -melf32lriscv \
	/usr/src/embox/fork/embox/build/base/obj/src/drivers/gpio/niiet/niiet_gpio/niiet_gpio.o
riscv64-unknown-elf-gcc  -std=gnu99 -pipe -ffile-prefix-map=`pwd`=. -fno-strict-aliasing -fno-common -fno-stack-protector -fno-pic -Wall -Werror -Wformat -Wundef -Wno-trigraphs -Wno-char-subscripts -g -O0 -march=rv32imfc_zba_zbb_zbc_zbs_zicsr_zifencei -mabi=ilp32f -Wno-misleading-indentation -Wno-nonnull-compare -U__linux__ -Ulinux -U__linux -D__unix -D__EMBOX__ -D__EMBOX_VERSION__=\"0.7.0\" -D__EMBOX_PLATFORM__vostok_mega_015__ -I/usr/src/embox/fork/embox/build/base/include -I/usr/src/embox/fork/embox/build/base/gen/include -I/usr/src/embox/fork/embox/src/include -I/usr/src/embox/fork/embox/src/arch/riscv/include -I/usr/src/embox/fork/embox/src/compat/linux/include -I/usr/src/embox/fork/embox/src/compat/posix/include -I/usr/src/embox/fork/embox/src/compat/bsd/include -I/usr/src/embox/fork/embox/src/compat/libc/include -I/usr/src/embox/fork/embox/build/base/gen/src/include -nostdinc -MMD -MP  -include /usr/src/embox/fork/embox/build/base/gen/include/config/embox/driver/spi/pl022_spi1.h -D__EMBUILD_MOD__=embox__driver__spi__pl022_spi1 -c -o /usr/src/embox/fork/embox/build/base/obj/src/drivers/spi/pl022/pl022_spi1.o /usr/src/embox/fork/embox/src/drivers/spi/pl022/pl022_spi1.c
riscv64-unknown-elf-ld -r -o /usr/src/embox/fork/embox/build/base/obj/module/embox/driver/spi/pl022_spi1.o -static -nostdlib -znoexecstack -melf32lriscv \
	/usr/src/embox/fork/embox/build/base/obj/src/drivers/spi/pl022/pl022_spi1.o
riscv64-unknown-elf-gcc  -std=gnu99 -pipe -ffile-prefix-map=`pwd`=. -fno-strict-aliasing -fno-common -fno-stack-protector -fno-pic -Wall -Werror -Wformat -Wundef -Wno-trigraphs -Wno-char-subscripts -g -O0 -march=rv32imfc_zba_zbb_zbc_zbs_zicsr_zifencei -mabi=ilp32f -Wno-misleading-indentation -Wno-nonnull-compare -U__linux__ -Ulinux -U__linux -D__unix -D__EMBOX__ -D__EMBOX_VERSION__=\"0.7.0\" -D__EMBOX_PLATFORM__vostok_mega_015__ -I/usr/src/embox/fork/embox/build/base/include -I/usr/src/embox/fork/embox/build/base/gen/include -I/usr/src/embox/fork/embox/src/include -I/usr/src/embox/fork/embox/src/arch/riscv/include -I/usr/src/embox/fork/embox/src/compat/linux/include -I/usr/src/embox/fork/embox/src/compat/posix/include -I/usr/src/embox/fork/embox/src/compat/bsd/include -I/usr/src/embox/fork/embox/src/compat/libc/include -I/usr/src/embox/fork/embox/build/base/gen/src/include -nostdinc -MMD -MP  -include /usr/src/embox/fork/embox/build/base/gen/include/config/embox/driver/spi/pl022_spi0.h -D__EMBUILD_MOD__=embox__driver__spi__pl022_spi0 -c -o /usr/src/embox/fork/embox/build/base/obj/src/drivers/spi/pl022/pl022_spi0.o /usr/src/embox/fork/embox/src/drivers/spi/pl022/pl022_spi0.c
riscv64-unknown-elf-ld -r -o /usr/src/embox/fork/embox/build/base/obj/module/embox/driver/spi/pl022_spi0.o -static -nostdlib -znoexecstack -melf32lriscv \
	/usr/src/embox/fork/embox/build/base/obj/src/drivers/spi/pl022/pl022_spi0.o
riscv64-unknown-elf-gcc  -std=gnu99 -pipe -ffile-prefix-map=`pwd`=. -fno-strict-aliasing -fno-common -fno-stack-protector -fno-pic -Wall -Werror -Wformat -Wundef -Wno-trigraphs -Wno-char-subscripts -g -O0 -march=rv32imfc_zba_zbb_zbc_zbs_zicsr_zifencei -mabi=ilp32f -Wno-misleading-indentation -Wno-nonnull-compare -U__linux__ -Ulinux -U__linux -D__unix -D__EMBOX__ -D__EMBOX_VERSION__=\"0.7.0\" -D__EMBOX_PLATFORM__vostok_mega_015__ -I/usr/src/embox/fork/embox/build/base/include -I/usr/src/embox/fork/embox/build/base/gen/include -I/usr/src/embox/fork/embox/src/include -I/usr/src/embox/fork/embox/src/arch/riscv/include -I/usr/src/embox/fork/embox/src/compat/linux/include -I/usr/src/embox/fork/embox/src/compat/posix/include -I/usr/src/embox/fork/embox/src/compat/bsd/include -I/usr/src/embox/fork/embox/src/compat/libc/include -I/usr/src/embox/fork/embox/build/base/gen/src/include -nostdinc -MMD -MP  -include /usr/src/embox/fork/embox/build/base/gen/include/config/embox/driver/i2c/niiet/vg015_i2c0.h -D__EMBUILD_MOD__=embox__driver__i2c__niiet__vg015_i2c0 -c -o /usr/src/embox/fork/embox/build/base/obj/src/drivers/i2c/niiet/vg015_i2c/vg015_i2c0.o /usr/src/embox/fork/embox/src/drivers/i2c/niiet/vg015_i2c/vg015_i2c0.c
riscv64-unknown-elf-ld -r -o /usr/src/embox/fork/embox/build/base/obj/module/embox/driver/i2c/niiet/vg015_i2c0.o -static -nostdlib -znoexecstack -melf32lriscv \
	/usr/src/embox/fork/embox/build/base/obj/src/drivers/i2c/niiet/vg015_i2c/vg015_i2c0.o
riscv64-unknown-elf-gcc  -std=gnu99 -pipe -ffile-prefix-map=`pwd`=. -fno-strict-aliasing -fno-common -fno-stack-protector -fno-pic -Wall -Werror -Wformat -Wundef -Wno-trigraphs -Wno-char-subscripts -g -O0 -march=rv32imfc_zba_zbb_zbc_zbs_zicsr_zifencei -mabi=ilp32f -Wno-misleading-indentation -Wno-nonnull-compare -U__linux__ -Ulinux -U__linux -D__unix -D__EMBOX__ -D__EMBOX_VERSION__=\"0.7.0\" -D__EMBOX_PLATFORM__vostok_mega_015__ -I/usr/src/embox/fork/embox/build/base/include -I/usr/src/embox/fork/embox/build/base/gen/include -I/usr/src/embox/fork/embox/src/include -I/usr/src/embox/fork/embox/src/arch/riscv/include -I/usr/src/embox/fork/embox/src/compat/linux/include -I/usr/src/embox/fork/embox/src/compat/posix/include -I/usr/src/embox/fork/embox/src/compat/bsd/include -I/usr/src/embox/fork/embox/src/compat/libc/include -I/usr/src/embox/fork/embox/build/base/gen/src/include -nostdinc -MMD -MP  -include /usr/src/embox/fork/embox/build/base/gen/include/config/embox/driver/pwm/niiet_pwm0.h -D__EMBUILD_MOD__=embox__driver__pwm__niiet_pwm0 -c -o /usr/src/embox/fork/embox/build/base/obj/src/drivers/pwm/niiet/niiet_pwm0.o /usr/src/embox/fork/embox/src/drivers/pwm/niiet/niiet_pwm0.c
riscv64-unknown-elf-ld -r -o /usr/src/embox/fork/embox/build/base/obj/module/embox/driver/pwm/niiet_pwm0.o -static -nostdlib -znoexecstack -melf32lriscv \
	/usr/src/embox/fork/embox/build/base/obj/src/drivers/pwm/niiet/niiet_pwm0.o
riscv64-unknown-elf-gcc  -std=gnu99 -pipe -ffile-prefix-map=`pwd`=. -fno-strict-aliasing -fno-common -fno-stack-protector -fno-pic -Wall -Werror -Wformat -Wundef -Wno-trigraphs -Wno-char-subscripts -g -O0 -march=rv32imfc_zba_zbb_zbc_zbs_zicsr_zifencei -mabi=ilp32f -Wno-misleading-indentation -Wno-nonnull-compare -U__linux__ -Ulinux -U__linux -D__unix -D__EMBOX__ -D__EMBOX_VERSION__=\"0.7.0\" -D__EMBOX_PLATFORM__vostok_mega_015__ -I/usr/src/embox/fork/embox/build/base/include -I/usr/src/embox/fork/embox/build/base/gen/include -I/usr/src/embox/fork/embox/src/include -I/usr/src/embox/fork/embox/src/arch/riscv/include -I/usr/src/embox/fork/embox/src/compat/linux/include -I/usr/src/embox/fork/embox/src/compat/posix/include -I/usr/src/embox/fork/embox/src/compat/bsd/include -I/usr/src/embox/fork/embox/src/compat/libc/include -I/usr/src/embox/fork/embox/build/base/gen/src/include -nostdinc -MMD -MP  -include /usr/src/embox/fork/embox/build/base/gen/include/config/embox/driver/pwm/niiet_pwm1.h -D__EMBUILD_MOD__=embox__driver__pwm__niiet_pwm1 -c -o /usr/src/embox/fork/embox/build/base/obj/src/drivers/pwm/niiet/niiet_pwm1.o /usr/src/embox/fork/embox/src/drivers/pwm/niiet/niiet_pwm1.c
riscv64-unknown-elf-ld -r -o /usr/src/embox/fork/embox/build/base/obj/module/embox/driver/pwm/niiet_pwm1.o -static -nostdlib -znoexecstack -melf32lriscv \
	/usr/src/embox/fork/embox/build/base/obj/src/drivers/pwm/niiet/niiet_pwm1.o
riscv64-unknown-elf-gcc  -std=gnu99 -pipe -ffile-prefix-map=`pwd`=. -fno-strict-aliasing -fno-common -fno-stack-protector -fno-pic -Wall -Werror -Wformat -Wundef -Wno-trigraphs -Wno-char-subscripts -g -O0 -march=rv32imfc_zba_zbb_zbc_zbs_zicsr_zifencei -mabi=ilp32f -Wno-misleading-indentation -Wno-nonnull-compare -U__linux__ -Ulinux -U__linux -D__unix -D__EMBOX__ -D__EMBOX_VERSION__=\"0.7.0\" -D__EMBOX_PLATFORM__vostok_mega_015__ -I/usr/src/embox/fork/embox/build/base/include -I/usr/src/embox/fork/embox/build/base/gen/include -I/usr/src/embox/fork/embox/src/include -I/usr/src/embox/fork/embox/src/arch/riscv/include -I/usr/src/embox/fork/embox/src/compat/linux/include -I/usr/src/embox/fork/embox/src/compat/posix/include -I/usr/src/embox/fork/embox/src/compat/bsd/include -I/usr/src/embox/fork/embox/src/compat/libc/include -I/usr/src/embox/fork/embox/build/base/gen/src/include -nostdinc -MMD -MP  -include /usr/src/embox/fork/embox/build/base/gen/include/config/embox/driver/pwm/niiet_pwm2.h -D__EMBUILD_MOD__=embox__driver__pwm__niiet_pwm2 -c -o /usr/src/embox/fork/embox/build/base/obj/src/drivers/pwm/niiet/niiet_pwm2.o /usr/src/embox/fork/embox/src/drivers/pwm/niiet/niiet_pwm2.c
riscv64-unknown-elf-ld -r -o /usr/src/embox/fork/embox/build/base/obj/module/embox/driver/pwm/niiet_pwm2.o -static -nostdlib -znoexecstack -melf32lriscv \
	/usr/src/embox/fork/embox/build/base/obj/src/drivers/pwm/niiet/niiet_pwm2.o
riscv64-unknown-elf-gcc  -std=gnu99 -pipe -ffile-prefix-map=`pwd`=. -fno-strict-aliasing -fno-common -fno-stack-protector -fno-pic -Wall -Werror -Wformat -Wundef -Wno-trigraphs -Wno-char-subscripts -g -O0 -march=rv32imfc_zba_zbb_zbc_zbs_zicsr_zifencei -mabi=ilp32f -Wno-misleading-indentation -Wno-nonnull-compare -U__linux__ -Ulinux -U__linux -D__unix -D__EMBOX__ -D__EMBOX_VERSION__=\"0.7.0\" -D__EMBOX_PLATFORM__vostok_mega_015__ -I/usr/src/embox/fork/embox/build/base/include -I/usr/src/embox/fork/embox/build/base/gen/include -I/usr/src/embox/fork/embox/src/include -I/usr/src/embox/fork/embox/src/arch/riscv/include -I/usr/src/embox/fork/embox/src/compat/linux/include -I/usr/src/embox/fork/embox/src/compat/posix/include -I/usr/src/embox/fork/embox/src/compat/bsd/include -I/usr/src/embox/fork/embox/src/compat/libc/include -I/usr/src/embox/fork/embox/build/base/gen/src/include -nostdinc -MMD -MP  -include /usr/src/embox/fork/embox/build/base/gen/include/config/embox/driver/spi/pl022_spi_drv.h -D__EMBUILD_MOD__=embox__driver__spi__pl022_spi_drv -c -o /usr/src/embox/fork/embox/build/base/obj/src/drivers/spi/pl022/pl022_spi_drv.o /usr/src/embox/fork/embox/src/drivers/spi/pl022/pl022_spi_drv.c
riscv64-unknown-elf-ld -r -o /usr/src/embox/fork/embox/build/base/obj/module/embox/driver/spi/pl022_spi_drv.o -static -nostdlib -znoexecstack -melf32lriscv \
	/usr/src/embox/fork/embox/build/base/obj/src/drivers/spi/pl022/pl022_spi_drv.o
/usr/src/embox/fork/embox/mk/gen_buildinfo.sh > /usr/src/embox/fork/embox/build/base/gen/buildinfo.ld
riscv64-unknown-elf-ld -r -static -nostdlib -znoexecstack -melf32lriscv \
	\
	-T/usr/src/embox/fork/embox/build/base/obj/src/drivers/flash/in_chip_flash/in_chip_flash.lds \
	-T/usr/src/embox/fork/embox/build/base/obj/src/kernel/stack.lds \
	-T/usr/src/embox/fork/embox/build/base/obj/src/fs/driver/initfs/initfs.lds \
	-T/usr/src/embox/fork/embox/build/base/obj/src/mem/heap/heap.lds \
	-T/usr/src/embox/fork/embox/build/base/obj/src/kernel/task/task_resource.lds \
	-T/usr/src/embox/fork/embox/build/base/obj/src/lib/libds/array/array_spread.lds \
	-T/usr/src/embox/fork/embox/build/base/obj/src/lib/debug/buildinfo.lds \
	\
	/usr/src/embox/fork/embox/build/base/obj/module/embox/arch/riscv/kernel/context.o \
	/usr/src/embox/fork/embox/build/base/obj/module/embox/kernel/Kernel.o \
	/usr/src/embox/fork/embox/build/base/obj/module/platform/vostok/vostok_vg015_dev/platform_init.o \
	/usr/src/embox/fork/embox/build/base/obj/module/embox/driver/clk/niiet/k1921vg015_rcu.o \
	/usr/src/embox/fork/embox/build/base/obj/module/embox/driver/interrupt/riscv_plic.o \
	/usr/src/embox/fork/embox/build/base/obj/module/embox/driver/clock/k1921vg015_tmr32.o \
	/usr/src/embox/fork/embox/build/base/obj/module/embox/kernel/time/jiffies.o \
	/usr/src/embox/fork/embox/build/base/obj/module/embox/driver/serial/pl011.o \
	/usr/src/embox/fork/embox/build/base/obj/module/embox/driver/serial/pl011_diag.o \
	/usr/src/embox/fork/embox/build/base/obj/module/embox/driver/diag.o \
	/usr/src/embox/fork/embox/build/base/obj/module/embox/driver/serial/pl011_ttyS0.o \
	/usr/src/embox/fork/embox/build/base/obj/module/embox/driver/serial/pl011_ttyS1.o \
	/usr/src/embox/fork/embox/build/base/obj/module/embox/driver/flash/flash_cache_block.o \
	/usr/src/embox/fork/embox/build/base/obj/module/embox/driver/flash/niiet_mflash_in_chip.o \
	/usr/src/embox/fork/embox/build/base/obj/module/embox/driver/flash/flash_fs.o \
	/usr/src/embox/fork/embox/build/base/obj/module/embox/driver/gpio/niiet_gpio.o \
	/usr/src/embox/fork/embox/build/base/obj/module/embox/driver/spi/pl022_spi1.o \
	/usr/src/embox/fork/embox/build/base/obj/module/embox/driver/spi/pl022_spi0.o \
	/usr/src/embox/fork/embox/build/base/obj/module/embox/driver/spi/spi1_dev0.o \
	/usr/src/embox/fork/embox/build/base/obj/module/embox/driver/spi/spi0_dev0.o \
	/usr/src/embox/fork/embox/build/base/obj/module/embox/driver/i2c/niiet/vg015_i2c0.o \
	/usr/src/embox/fork/embox/build/base/obj/module/embox/driver/pwm/niiet_pwm0.o \
	/usr/src/embox/fork/embox/build/base/obj/module/embox/driver/pwm/niiet_pwm1.o \
	/usr/src/embox/fork/embox/build/base/obj/module/embox/driver/pwm/niiet_pwm2.o \
	/usr/src/embox/fork/embox/build/base/obj/module/embox/driver/tty/tty.o \
	/usr/src/embox/fork/embox/build/base/obj/module/embox/kernel/irq.o \
	/usr/src/embox/fork/embox/build/base/obj/module/embox/kernel/critical.o \
	/usr/src/embox/fork/embox/build/base/obj/module/embox/kernel/task/multi.o \
	/usr/src/embox/fork/embox/build/base/obj/module/embox/kernel/task/resource/idesc_table.o \
	/usr/src/embox/fork/embox/build/base/obj/module/embox/kernel/task/resource/sig_table.o \
	/usr/src/embox/fork/embox/build/base/obj/module/embox/kernel/task/resource/env.o \
	/usr/src/embox/fork/embox/build/base/obj/module/embox/kernel/thread/signal/siginfoq.o \
	/usr/src/embox/fork/embox/build/base/obj/module/embox/kernel/thread/core.o \
	/usr/src/embox/fork/embox/build/base/obj/module/embox/kernel/thread/mutex.o \
	/usr/src/embox/fork/embox/build/base/obj/module/embox/kernel/timer/sys_timer.o \
	/usr/src/embox/fork/embox/build/base/obj/module/embox/kernel/timer/strategy/head_timer.o \
	/usr/src/embox/fork/embox/build/base/obj/module/embox/kernel/time/kernel_time.o \
	/usr/src/embox/fork/embox/build/base/obj/module/embox/kernel/timer/itimer.o \
	/usr/src/embox/fork/embox/build/base/obj/module/embox/fs/rootfs_dvfs.o \
	/usr/src/embox/fork/embox/build/base/obj/module/embox/fs/driver/initfs_dvfs.o \
	/usr/src/embox/fork/embox/build/base/obj/module/embox/fs/driver/devfs_dvfs.o \
	/usr/src/embox/fork/embox/build/base/obj/module/embox/fs/driver/dfs.o \
	/usr/src/embox/fork/embox/build/base/obj/module/embox/net/skbuff.o \
	/usr/src/embox/fork/embox/build/base/obj/module/embox/net/skbuff_data.o \
	/usr/src/embox/fork/embox/build/base/obj/module/embox/net/tcp.o \
	/usr/src/embox/fork/embox/build/base/obj/module/embox/net/tcp_sock.o \
	/usr/src/embox/fork/embox/build/base/obj/module/embox/mem/heap_bm.o \
	/usr/src/embox/fork/embox/build/base/obj/module/embox/mem/static_heap.o \
	/usr/src/embox/fork/embox/build/base/obj/module/embox/mem/bitmask.o \
	/usr/src/embox/fork/embox/build/base/obj/module/embox/cmd/sh/tish.o \
	/usr/src/embox/fork/embox/build/base/obj/module/embox/init/start_script.o \
	/usr/src/embox/fork/embox/build/base/obj/module/embox/cmd/sys/version.o \
	/usr/src/embox/fork/embox/build/base/obj/module/embox/cmd/help.o \
	/usr/src/embox/fork/embox/build/base/obj/module/embox/cmd/sys/uname.o \
	/usr/src/embox/fork/embox/build/base/obj/module/embox/cmd/msleep.o \
	/usr/src/embox/fork/embox/build/base/obj/module/embox/cmd/fs/dd.o \
	/usr/src/embox/fork/embox/build/base/obj/module/embox/cmd/fs/cat.o \
	/usr/src/embox/fork/embox/build/base/obj/module/embox/cmd/fs/ls.o \
	/usr/src/embox/fork/embox/build/base/obj/module/embox/cmd/fs/rm.o \
	/usr/src/embox/fork/embox/build/base/obj/module/embox/cmd/fs/mount.o \
	/usr/src/embox/fork/embox/build/base/obj/module/embox/cmd/fs/umount.o \
	/usr/src/embox/fork/embox/build/base/obj/module/embox/cmd/fs/stat.o \
	/usr/src/embox/fork/embox/build/base/obj/module/embox/cmd/fs/echo.o \
	/usr/src/embox/fork/embox/build/base/obj/module/embox/cmd/fs/touch.o \
	/usr/src/embox/fork/embox/build/base/obj/module/embox/cmd/fs/mkdir.o \
	/usr/src/embox/fork/embox/build/base/obj/module/embox/cmd/testing/ticker.o \
	/usr/src/embox/fork/embox/build/base/obj/module/embox/cmd/hardware/pin.o \
	/usr/src/embox/fork/embox/build/base/obj/module/embox/cmd/hw/lsblk.o \
	/usr/src/embox/fork/embox/build/base/obj/module/embox/cmd/hw/flash_erase.o \
	/usr/src/embox/fork/embox/build/base/obj/module/embox/cmd/hw/mem.o \
	/usr/src/embox/fork/embox/build/base/obj/module/embox/cmd/hw/pwm.o \
	/usr/src/embox/fork/embox/build/base/obj/module/embox/cmd/hardware/spi.o \
	/usr/src/embox/fork/embox/build/base/obj/module/embox/cmd/i2c_tools/i2cdetect.o \
	/usr/src/embox/fork/embox/build/base/obj/module/embox/cmd/i2c_tools/i2cdump.o \
	/usr/src/embox/fork/embox/build/base/obj/module/embox/cmd/i2c_tools/i2cget.o \
	/usr/src/embox/fork/embox/build/base/obj/module/embox/cmd/i2c_tools/i2cset.o \
	/usr/src/embox/fork/embox/build/base/obj/module/embox/kernel/klog.o \
	/usr/src/embox/fork/embox/build/base/obj/module/embox/init/system_abs_time_rtc.o \
	/usr/src/embox/fork/embox/build/base/obj/module/platform/generic/platform_shutdown_stub.o \
	/usr/src/embox/fork/embox/build/base/obj/module/embox/init/no_system_start.o \
	/usr/src/embox/fork/embox/build/base/obj/module/embox/arch/riscv/kernel/boot.o \
	/usr/src/embox/fork/embox/build/base/obj/module/embox/arch/riscv/kernel/entry.o \
	/usr/src/embox/fork/embox/build/base/obj/module/embox/kernel/thread/signal_impl.o \
	/usr/src/embox/fork/embox/build/base/obj/module/embox/compat/posix/proc/atexit_stub.o \
	/usr/src/embox/fork/embox/build/base/obj/module/embox/kernel/task/resource/argv.o \
	/usr/src/embox/fork/embox/build/base/obj/module/embox/kernel/task/resource/vfork.o \
	/usr/src/embox/fork/embox/build/base/obj/module/embox/kernel/time/clock_source.o \
	/usr/src/embox/fork/embox/build/base/obj/module/embox/mem/pool_ndebug.o \
	/usr/src/embox/fork/embox/build/base/obj/module/embox/driver/serial/core_tty.o \
	/usr/src/embox/fork/embox/build/base/obj/module/embox/driver/serial/uart_repo_with_dynamic.o \
	/usr/src/embox/fork/embox/build/base/obj/module/embox/driver/tty/termios_ops.o \
	/usr/src/embox/fork/embox/build/base/obj/module/embox/driver/block_dev.o \
	/usr/src/embox/fork/embox/build/base/obj/module/embox/mem/phymem.o \
	/usr/src/embox/fork/embox/build/base/obj/module/embox/mem/vmem_device_memory_stub.o \
	/usr/src/embox/fork/embox/build/base/obj/module/embox/mem/sections.o \
	/usr/src/embox/fork/embox/build/base/obj/module/embox/fs/buffer_cache.o \
	/usr/src/embox/fork/embox/build/base/obj/module/embox/mem/sysmalloc_task_based.o \
	/usr/src/embox/fork/embox/build/base/obj/module/embox/driver/buffer_no_crypt.o \
	/usr/src/embox/fork/embox/build/base/obj/module/embox/device/common.o \
	/usr/src/embox/fork/embox/build/base/obj/module/embox/driver/gpio/core.o \
	/usr/src/embox/fork/embox/build/base/obj/module/embox/driver/spi/pl022_spi_drv.o \
	/usr/src/embox/fork/embox/build/base/obj/module/embox/driver/spi/core.o \
	/usr/src/embox/fork/embox/build/base/obj/module/embox/device/char_dev.o \
	/usr/src/embox/fork/embox/build/base/obj/module/embox/kernel/task/idesc.o \
	/usr/src/embox/fork/embox/build/base/obj/module/embox/driver/dma/no_dma.o \
	/usr/src/embox/fork/embox/build/base/obj/module/embox/driver/i2c_core.o \
	/usr/src/embox/fork/embox/build/base/obj/module/embox/driver/i2c/niiet/vg015_i2c_drv.o \
	/usr/src/embox/fork/embox/build/base/obj/module/embox/driver/pwm/niiet_pwm_drv.o \
	/usr/src/embox/fork/embox/build/base/obj/module/embox/driver/pwm/pwm_dev.o \
	/usr/src/embox/fork/embox/build/base/obj/module/embox/kernel/task/idesc_event.o \
	/usr/src/embox/fork/embox/build/base/obj/module/embox/kernel/thread/sem.o \
	/usr/src/embox/fork/embox/build/base/obj/module/embox/kernel/sched/sched.o \
	/usr/src/embox/fork/embox/build/base/obj/module/embox/kernel/sched/idle_light.o \
	/usr/src/embox/fork/embox/build/base/obj/module/embox/kernel/sched/boot_thread.o \
	/usr/src/embox/fork/embox/build/base/obj/module/embox/kernel/sched/strategy/runq/prioq.o \
	/usr/src/embox/fork/embox/build/base/obj/module/embox/kernel/sched/priority/inherit.o \
	/usr/src/embox/fork/embox/build/base/obj/module/embox/profiler/no_tracing.o \
	/usr/src/embox/fork/embox/build/base/obj/module/embox/kernel/sched/wait_queue.o \
	/usr/src/embox/fork/embox/build/base/obj/module/embox/kernel/sched/waitq_protect_link_stub.o \
	/usr/src/embox/fork/embox/build/base/obj/module/embox/kernel/sched/current/default.o \
	/usr/src/embox/fork/embox/build/base/obj/module/embox/kernel/thread/barrier.o \
	/usr/src/embox/fork/embox/build/base/obj/module/embox/kernel/thread/cond.o \
	/usr/src/embox/fork/embox/build/base/obj/module/embox/kernel/thread/rwlock.o \
	/usr/src/embox/fork/embox/build/base/obj/module/embox/kernel/thread/sched_wait.o \
	/usr/src/embox/fork/embox/build/base/obj/module/embox/driver/tty/task_breaking_enable.o \
	/usr/src/embox/fork/embox/build/base/obj/module/embox/kernel/irq_lock.o \
	/usr/src/embox/fork/embox/build/base/obj/module/embox/kernel/irq_stack_no_protection.o \
	/usr/src/embox/fork/embox/build/base/obj/module/embox/mem/pool_adapter.o \
	/usr/src/embox/fork/embox/build/base/obj/module/embox/kernel/task/kernel_task.o \
	/usr/src/embox/fork/embox/build/base/obj/module/embox/kernel/task/task_resource.o \
	/usr/src/embox/fork/embox/build/base/obj/module/embox/kernel/task/resource/atexit.o \
	/usr/src/embox/fork/embox/build/base/obj/module/embox/kernel/task/task_table.o \
	/usr/src/embox/fork/embox/build/base/obj/module/embox/kernel/sched/timing/running.o \
	/usr/src/embox/fork/embox/build/base/obj/module/embox/kernel/thread/thread_allocator_pool.o \
	/usr/src/embox/fork/embox/build/base/obj/module/embox/kernel/sched/sched_ticker_preempt.o \
	/usr/src/embox/fork/embox/build/base/obj/module/embox/kernel/thread/fixed_stack.o \
	/usr/src/embox/fork/embox/build/base/obj/module/embox/kernel/cpu/common.o \
	/usr/src/embox/fork/embox/build/base/obj/module/embox/kernel/thread/stack_protect_none.o \
	/usr/src/embox/fork/embox/build/base/obj/module/embox/kernel/sched/mutex.o \
	/usr/src/embox/fork/embox/build/base/obj/module/embox/fs/dvfs/core.o \
	/usr/src/embox/fork/embox/build/base/obj/module/embox/fs/file_desc_dvfs.o \
	/usr/src/embox/fork/embox/build/base/obj/module/embox/fs/dvfs/super_block.o \
	/usr/src/embox/fork/embox/build/base/obj/module/embox/fs/fs_driver.o \
	/usr/src/embox/fork/embox/build/base/obj/module/embox/fs/idesc_file_ops.o \
	/usr/src/embox/fork/embox/build/base/obj/module/embox/fs/path_helper.o \
	/usr/src/embox/fork/embox/build/base/obj/module/embox/fs/dvfs/trivial.o \
	/usr/src/embox/fork/embox/build/base/obj/module/embox/fs/dvfs/compat.o \
	/usr/src/embox/fork/embox/build/base/obj/module/embox/fs/fuse/fuse_none.o \
	/usr/src/embox/fork/embox/build/base/obj/module/embox/kernel/task/resource/vfs.o \
	/usr/src/embox/fork/embox/build/base/obj/module/embox/net/sock.o \
	/usr/src/embox/fork/embox/build/base/obj/module/embox/net/family.o \
	/usr/src/embox/fork/embox/build/base/obj/module/embox/net/net_sock.o \
	/usr/src/embox/fork/embox/build/base/obj/module/embox/security/no_security.o \
	/usr/src/embox/fork/embox/build/base/obj/module/embox/net/socket.o \
	/usr/src/embox/fork/embox/build/base/obj/module/embox/net/dev.o \
	/usr/src/embox/fork/embox/build/base/obj/module/embox/net/lib/tcp.o \
	/usr/src/embox/fork/embox/build/base/obj/module/embox/net/lib/ipv4.o \
	/usr/src/embox/fork/embox/build/base/obj/module/embox/net/lib/ipv6.o \
	/usr/src/embox/fork/embox/build/base/obj/module/embox/net/ipv4.o \
	/usr/src/embox/fork/embox/build/base/obj/module/embox/net/raw_sock.o \
	/usr/src/embox/fork/embox/build/base/obj/module/embox/net/netfilter.o \
	/usr/src/embox/fork/embox/build/base/obj/module/embox/net/icmpv4.o \
	/usr/src/embox/fork/embox/build/base/obj/module/embox/net/proto.o \
	/usr/src/embox/fork/embox/build/base/obj/module/embox/net/lib/icmpv4.o \
	/usr/src/embox/fork/embox/build/base/obj/module/embox/net/net_tx.o \
	/usr/src/embox/fork/embox/build/base/obj/module/embox/net/net_entry.o \
	/usr/src/embox/fork/embox/build/base/obj/module/embox/net/net_rx.o \
	/usr/src/embox/fork/embox/build/base/obj/module/embox/net/net_no_crypt.o \
	/usr/src/embox/fork/embox/build/base/obj/module/embox/net/packet.o \
	/usr/src/embox/fork/embox/build/base/obj/module/embox/net/net_pack.o \
	/usr/src/embox/fork/embox/build/base/obj/module/embox/net/no_af_packet.o \
	/usr/src/embox/fork/embox/build/base/obj/module/embox/kernel/lthread/lthread.o \
	/usr/src/embox/fork/embox/build/base/obj/module/embox/net/neighbour.o \
	/usr/src/embox/fork/embox/build/base/obj/module/embox/net/arp.o \
	/usr/src/embox/fork/embox/build/base/obj/module/embox/net/core_no_net_ns.o \
	/usr/src/embox/fork/embox/build/base/obj/module/embox/net/lib/arp.o \
	/usr/src/embox/fork/embox/build/base/obj/module/embox/net/ndp.o \
	/usr/src/embox/fork/embox/build/base/obj/module/embox/net/lib/icmpv6.o \
	/usr/src/embox/fork/embox/build/base/obj/module/embox/net/route_no_net_ns.o \
	/usr/src/embox/fork/embox/build/base/obj/module/embox/framework/mod.o \
	/usr/src/embox/fork/embox/build/base/obj/module/embox/framework/cmd.o \
	/usr/src/embox/fork/embox/build/base/obj/module/embox/framework/test.o \
	/usr/src/embox/fork/embox/build/base/obj/module/embox/framework/unit.o \
	/usr/src/embox/fork/embox/build/base/obj/module/embox/kernel/task/resource/errno.o \
	/usr/src/embox/fork/embox/build/base/obj/module/embox/kernel/task/resource/umask.o \
	/usr/src/embox/fork/embox/build/base/obj/module/embox/mem/mspace_malloc.o \
	/usr/src/embox/fork/embox/build/base/obj/module/embox/mem/boundary_markers.o \
	/usr/src/embox/fork/embox/build/base/obj/module/embox/mem/heap_afterfree_default.o \
	/usr/src/embox/fork/embox/build/base/obj/module/embox/kernel/task/resource/task_heap.o \
	/usr/src/embox/fork/embox/build/base/obj/module/embox/lib/rl_linenoise.o \
	/usr/src/embox/fork/embox/build/base/obj/module/embox/cmd/sh/shell_registry.o \
	/usr/src/embox/fork/embox/build/base/obj/module/embox/kernel/task/resource/u_area.o \
	/usr/src/embox/fork/embox/build/base/obj/module/embox/kernel/task/syslib/waitpid.o \
	/usr/src/embox/fork/embox/build/base/obj/module/embox/kernel/task/resource/waitpid.o \
	/usr/src/embox/fork/embox/build/base/obj/module/embox/kernel/timer/sleep.o \
	/usr/src/embox/fork/embox/build/base/obj/module/embox/cmd/exit.o \
	/usr/src/embox/fork/embox/build/base/obj/module/embox/cmd/logout.o \
	/usr/src/embox/fork/embox/build/base/obj/module/embox/init/setup_tty_dev.o \
	/usr/src/embox/fork/embox/build/base/obj/module/embox/lib/debug/buildinfo.o \
	/usr/src/embox/fork/embox/build/base/obj/module/embox/util/pretty_print.o \
	/usr/src/embox/fork/embox/build/base/obj/module/embox/kernel/thread/signal/sigstate.o \
	/usr/src/embox/fork/embox/build/base/obj/module/embox/kernel/thread/signal/lock.o \
	/usr/src/embox/fork/embox/build/base/obj/module/embox/driver/tty/serial.o \
	/usr/src/embox/fork/embox/build/base/obj/module/embox/net/net_namespace_stub.o \
	/usr/src/embox/fork/embox/build/base/obj/module/third_party/lib/linenoise.o \
	/usr/src/embox/fork/embox/build/base/obj/module/embox/kernel/task/resource/linenoise.o \
	/usr/src/embox/fork/embox/build/base/obj/module/embox/init/diag_fd.o \
	--start-group \
	\
	/usr/src/embox/fork/embox/build/base/obj/module/embox/compat/libc/stdlib/config.a \
	/usr/src/embox/fork/embox/build/base/obj/module/embox/compat/libc/stdlib/rand.a \
	/usr/src/embox/fork/embox/build/base/obj/module/embox/compat/libc/math_simple.a \
	/usr/src/embox/fork/embox/build/base/obj/module/embox/compat/libc/stdlib/core.a \
	/usr/src/embox/fork/embox/build/base/obj/module/embox/compat/libc/str.a \
	/usr/src/embox/fork/embox/build/base/obj/module/embox/compat/libc/type.a \
	/usr/src/embox/fork/embox/build/base/obj/module/embox/compat/libc/stdio/print.a \
	/usr/src/embox/fork/embox/build/base/obj/module/embox/lib/printk.a \
	/usr/src/embox/fork/embox/build/base/obj/module/embox/compat/libc/stdio/sprintf.a \
	/usr/src/embox/fork/embox/build/base/obj/module/embox/kernel/task/poll_table.a \
	/usr/src/embox/fork/embox/build/base/obj/module/embox/compat/libc/assert.a \
	/usr/src/embox/fork/embox/build/base/obj/module/embox/compat/libc/stdio/file_pool.a \
	/usr/src/embox/fork/embox/build/base/obj/module/embox/compat/posix/index_descriptor.a \
	/usr/src/embox/fork/embox/build/base/obj/module/embox/compat/posix/util/environ.a \
	/usr/src/embox/fork/embox/build/base/obj/module/third_party/lib/cwalk.a \
	/usr/src/embox/fork/embox/build/base/obj/module/embox/compat/libc/stdio/funopen.a \
	/usr/src/embox/fork/embox/build/base/obj/module/embox/lib/libds_dlist.a \
	/usr/src/embox/fork/embox/build/base/obj/module/embox/compat/posix/file_system_common.a \
	/usr/src/embox/fork/embox/build/base/obj/module/embox/compat/posix/libgen.a \
	/usr/src/embox/fork/embox/build/base/obj/module/embox/compat/libc/stdio/fwrite.a \
	/usr/src/embox/fork/embox/build/base/obj/module/embox/compat/libc/stdio/stdio_streams_global.a \
	/usr/src/embox/fork/embox/build/base/obj/module/embox/lib/libds.a \
	/usr/src/embox/fork/embox/build/base/obj/module/embox/compat/posix/file_system_dvfs.a \
	/usr/src/embox/fork/embox/build/base/obj/module/embox/compat/libc/stdio/fputc.a \
	/usr/src/embox/fork/embox/build/base/obj/module/embox/compat/posix/proc/sigset.a \
	/usr/src/embox/fork/embox/build/base/obj/module/embox/compat/libc/stdio/open.a \
	/usr/src/embox/fork/embox/build/base/obj/module/embox/compat/libc/stdio/fputs.a \
	/usr/src/embox/fork/embox/build/base/obj/module/embox/compat/posix/proc/signal.a \
	/usr/src/embox/fork/embox/build/base/obj/module/embox/lib/Tokenizer.a \
	/usr/src/embox/fork/embox/build/base/obj/module/embox/compat/libc/stdio/file_ops.a \
	/usr/src/embox/fork/embox/build/base/obj/module/embox/lib/crypt/md5.a \
	/usr/src/embox/fork/embox/build/base/obj/module/embox/lib/crypt/crc32.a \
	/usr/src/embox/fork/embox/build/base/obj/module/embox/lib/crypt/crc16.a \
	/usr/src/embox/fork/embox/build/base/obj/module/embox/lib/crypt/b64.a \
	/usr/src/embox/fork/embox/build/base/obj/module/embox/lib/crypt/des.a \
	/usr/src/embox/fork/embox/build/base/obj/module/embox/lib/crypt/sha1.a \
	/usr/src/embox/fork/embox/build/base/obj/module/embox/compat/posix/proc/exit.a \
	/usr/src/embox/fork/embox/build/base/obj/module/embox/compat/libc/stdlib/system.a \
	/usr/src/embox/fork/embox/build/base/obj/module/embox/compat/libc/stdlib/multibyte.a \
	/usr/src/embox/fork/embox/build/base/obj/module/embox/compat/libc/stdlib/mktemp.a \
	/usr/src/embox/fork/embox/build/base/obj/module/embox/compat/libc/stdlib/gcvt.a \
	/usr/src/embox/fork/embox/build/base/obj/module/embox/compat/libc/stdio/fseek.a \
	/usr/src/embox/fork/embox/build/base/obj/module/embox/compat/libc/stdio/scanf.a \
	/usr/src/embox/fork/embox/build/base/obj/module/embox/compat/libc/stdio/perror.a \
	/usr/src/embox/fork/embox/build/base/obj/module/embox/compat/libc/stdio/div.a \
	/usr/src/embox/fork/embox/build/base/obj/module/embox/compat/libc/stdio/tmpfile_stub.a \
	/usr/src/embox/fork/embox/build/base/obj/module/embox/compat/libc/stdio/ppipe_stub.a \
	/usr/src/embox/fork/embox/build/base/obj/module/embox/compat/posix/proc/vfork_entry.a \
	/usr/src/embox/fork/embox/build/base/obj/module/embox/compat/libc/int_types.a \
	/usr/src/embox/fork/embox/build/base/obj/module/embox/compat/libc/str_dup.a \
	/usr/src/embox/fork/embox/build/base/obj/module/embox/compat/libc/wchar.a \
	/usr/src/embox/fork/embox/build/base/obj/module/embox/compat/libc/locale_stub.a \
	/usr/src/embox/fork/embox/build/base/obj/module/embox/compat/posix/crypt.a \
	/usr/src/embox/fork/embox/build/base/obj/module/embox/arch/riscv/vfork.a \
	/usr/src/embox/fork/embox/build/base/obj/module/embox/compat/posix/util/utsname.a \
	/usr/src/embox/fork/embox/build/base/obj/module/embox/compat/posix/termios.a \
	/usr/src/embox/fork/embox/build/base/obj/module/embox/lib/sysctl.a \
	/usr/src/embox/fork/embox/build/base/obj/module/embox/compat/libc/stdio/printf.a \
	/usr/src/embox/fork/embox/build/base/obj/module/embox/compat/posix/util/sleep.a \
	/usr/src/embox/fork/embox/build/base/obj/module/embox/compat/posix/passwd.a \
	/usr/src/embox/fork/embox/build/base/obj/module/embox/compat/posix/proc/waitpid.a \
	/usr/src/embox/fork/embox/build/base/obj/module/embox/compat/posix/proc/uid.a \
	/usr/src/embox/fork/embox/build/base/obj/module/embox/compat/posix/proc/pid.a \
	/usr/src/embox/fork/embox/build/base/obj/module/embox/compat/posix/util/getopt.a \
	/usr/src/embox/fork/embox/build/base/obj/module/embox/compat/posix/net/inet_addr.a \
	/usr/src/embox/fork/embox/build/base/obj/module/embox/compat/posix/net/socket.a \
	/usr/src/embox/fork/embox/build/base/obj/module/embox/compat/posix/util/gettimeofday.a \
	/usr/src/embox/fork/embox/build/base/obj/module/embox/fs/syslib/kfile/kfile_dvfs.a \
	/usr/src/embox/fork/embox/build/base/obj/module/embox/compat/posix/util/time.a \
	/usr/src/embox/fork/embox/build/base/obj/module/embox/compat/posix/proc/vfork_exchanged.a \
	/usr/src/embox/fork/embox/build/base/obj/module/embox/arch/riscv/libarch.a \
	/usr/src/embox/fork/embox/build/base/obj/module/embox/kernel/time/timeval.a \
	/usr/src/embox/fork/embox/build/base/obj/module/third_party/lib/libgcc_toolchain.a \
	/usr/src/embox/fork/embox/build/base/obj/module/embox/compat/posix/util/gethostname.a \
	/usr/src/embox/fork/embox/build/base/obj/module/embox/util/log.a \
	--end-group \
--cref -Map /usr/src/embox/fork/embox/build/base/obj/embox-1.o.map \
-o /usr/src/embox/fork/embox/build/base/obj/embox-1.o
riscv64-unknown-elf-gcc -E  -std=gnu99 -pipe -ffile-prefix-map=`pwd`=. -fno-strict-aliasing -fno-common -fno-stack-protector -fno-pic -Wall -Werror -Wformat -Wundef -Wno-trigraphs -Wno-char-subscripts -g -O0 -march=rv32imfc_zba_zbb_zbc_zbs_zicsr_zifencei -mabi=ilp32f -Wno-misleading-indentation -Wno-nonnull-compare -P -D__LDS__ -U__linux__ -Ulinux -U__linux -D__unix -D__EMBOX__ -D__EMBOX_VERSION__=\"0.7.0\" -D__EMBOX_PLATFORM__vostok_mega_015__ -I/usr/src/embox/fork/embox/build/base/include -I/usr/src/embox/fork/embox/build/base/gen/include -I/usr/src/embox/fork/embox/src/include -I/usr/src/embox/fork/embox/src/arch/riscv/include -I/usr/src/embox/fork/embox/src/compat/linux/include -I/usr/src/embox/fork/embox/src/compat/posix/include -I/usr/src/embox/fork/embox/src/compat/bsd/include -I/usr/src/embox/fork/embox/src/compat/libc/include -I/usr/src/embox/fork/embox/build/base/gen/src/include -nostdinc -MMD -MP  -include /usr/src/embox/fork/embox/src/arch/riscv/embox.lds.S \
-I/usr/src/embox/fork/embox/build/base/gen \
-imacros /usr/src/embox/fork/embox/build/base/gen/config.lds.h \
	-MMD -MT /usr/src/embox/fork/embox/build/base/obj/image.lds -MF /usr/src/embox/fork/embox/build/base/obj/image.lds.d -o /usr/src/embox/fork/embox/build/base/obj/image.lds /usr/src/embox/fork/embox/build/base/gen/image.lds.S
make[4]: Nothing to be done for 'all'.
/usr/src/embox/fork/embox/mk/gen_buildinfo.sh > /usr/src/embox/fork/embox/build/base/gen/buildinfo.ld
riscv64-unknown-elf-ld -r -static -nostdlib -znoexecstack -melf32lriscv \
	\
	-T/usr/src/embox/fork/embox/build/base/obj/src/drivers/flash/in_chip_flash/in_chip_flash.lds \
	-T/usr/src/embox/fork/embox/build/base/obj/src/kernel/stack.lds \
	-T/usr/src/embox/fork/embox/build/base/obj/src/fs/driver/initfs/initfs.lds \
	-T/usr/src/embox/fork/embox/build/base/obj/src/mem/heap/heap.lds \
	-T/usr/src/embox/fork/embox/build/base/obj/src/kernel/task/task_resource.lds \
	-T/usr/src/embox/fork/embox/build/base/obj/src/lib/libds/array/array_spread.lds \
	-T/usr/src/embox/fork/embox/build/base/obj/src/lib/debug/buildinfo.lds \
	\
	/usr/src/embox/fork/embox/build/base/obj/module/embox/arch/riscv/kernel/context.o \
	/usr/src/embox/fork/embox/build/base/obj/module/embox/kernel/Kernel.o \
	/usr/src/embox/fork/embox/build/base/obj/module/platform/vostok/vostok_vg015_dev/platform_init.o \
	/usr/src/embox/fork/embox/build/base/obj/module/embox/driver/clk/niiet/k1921vg015_rcu.o \
	/usr/src/embox/fork/embox/build/base/obj/module/embox/driver/interrupt/riscv_plic.o \
	/usr/src/embox/fork/embox/build/base/obj/module/embox/driver/clock/k1921vg015_tmr32.o \
	/usr/src/embox/fork/embox/build/base/obj/module/embox/kernel/time/jiffies.o \
	/usr/src/embox/fork/embox/build/base/obj/module/embox/driver/serial/pl011.o \
	/usr/src/embox/fork/embox/build/base/obj/module/embox/driver/serial/pl011_diag.o \
	/usr/src/embox/fork/embox/build/base/obj/module/embox/driver/diag.o \
	/usr/src/embox/fork/embox/build/base/obj/module/embox/driver/serial/pl011_ttyS0.o \
	/usr/src/embox/fork/embox/build/base/obj/module/embox/driver/serial/pl011_ttyS1.o \
	/usr/src/embox/fork/embox/build/base/obj/module/embox/driver/flash/flash_cache_block.o \
	/usr/src/embox/fork/embox/build/base/obj/module/embox/driver/flash/niiet_mflash_in_chip.o \
	/usr/src/embox/fork/embox/build/base/obj/module/embox/driver/flash/flash_fs.o \
	/usr/src/embox/fork/embox/build/base/obj/module/embox/driver/gpio/niiet_gpio.o \
	/usr/src/embox/fork/embox/build/base/obj/module/embox/driver/spi/pl022_spi1.o \
	/usr/src/embox/fork/embox/build/base/obj/module/embox/driver/spi/pl022_spi0.o \
	/usr/src/embox/fork/embox/build/base/obj/module/embox/driver/spi/spi1_dev0.o \
	/usr/src/embox/fork/embox/build/base/obj/module/embox/driver/spi/spi0_dev0.o \
	/usr/src/embox/fork/embox/build/base/obj/module/embox/driver/i2c/niiet/vg015_i2c0.o \
	/usr/src/embox/fork/embox/build/base/obj/module/embox/driver/pwm/niiet_pwm0.o \
	/usr/src/embox/fork/embox/build/base/obj/module/embox/driver/pwm/niiet_pwm1.o \
	/usr/src/embox/fork/embox/build/base/obj/module/embox/driver/pwm/niiet_pwm2.o \
	/usr/src/embox/fork/embox/build/base/obj/module/embox/driver/tty/tty.o \
	/usr/src/embox/fork/embox/build/base/obj/module/embox/kernel/irq.o \
	/usr/src/embox/fork/embox/build/base/obj/module/embox/kernel/critical.o \
	/usr/src/embox/fork/embox/build/base/obj/module/embox/kernel/task/multi.o \
	/usr/src/embox/fork/embox/build/base/obj/module/embox/kernel/task/resource/idesc_table.o \
	/usr/src/embox/fork/embox/build/base/obj/module/embox/kernel/task/resource/sig_table.o \
	/usr/src/embox/fork/embox/build/base/obj/module/embox/kernel/task/resource/env.o \
	/usr/src/embox/fork/embox/build/base/obj/module/embox/kernel/thread/signal/siginfoq.o \
	/usr/src/embox/fork/embox/build/base/obj/module/embox/kernel/thread/core.o \
	/usr/src/embox/fork/embox/build/base/obj/module/embox/kernel/thread/mutex.o \
	/usr/src/embox/fork/embox/build/base/obj/module/embox/kernel/timer/sys_timer.o \
	/usr/src/embox/fork/embox/build/base/obj/module/embox/kernel/timer/strategy/head_timer.o \
	/usr/src/embox/fork/embox/build/base/obj/module/embox/kernel/time/kernel_time.o \
	/usr/src/embox/fork/embox/build/base/obj/module/embox/kernel/timer/itimer.o \
	/usr/src/embox/fork/embox/build/base/obj/module/embox/fs/rootfs_dvfs.o \
	/usr/src/embox/fork/embox/build/base/obj/module/embox/fs/driver/initfs_dvfs.o \
	/usr/src/embox/fork/embox/build/base/obj/module/embox/fs/driver/devfs_dvfs.o \
	/usr/src/embox/fork/embox/build/base/obj/module/embox/fs/driver/dfs.o \
	/usr/src/embox/fork/embox/build/base/obj/module/embox/net/skbuff.o \
	/usr/src/embox/fork/embox/build/base/obj/module/embox/net/skbuff_data.o \
	/usr/src/embox/fork/embox/build/base/obj/module/embox/net/tcp.o \
	/usr/src/embox/fork/embox/build/base/obj/module/embox/net/tcp_sock.o \
	/usr/src/embox/fork/embox/build/base/obj/module/embox/mem/heap_bm.o \
	/usr/src/embox/fork/embox/build/base/obj/module/embox/mem/static_heap.o \
	/usr/src/embox/fork/embox/build/base/obj/module/embox/mem/bitmask.o \
	/usr/src/embox/fork/embox/build/base/obj/module/embox/cmd/sh/tish.o \
	/usr/src/embox/fork/embox/build/base/obj/module/embox/init/start_script.o \
	/usr/src/embox/fork/embox/build/base/obj/module/embox/cmd/sys/version.o \
	/usr/src/embox/fork/embox/build/base/obj/module/embox/cmd/help.o \
	/usr/src/embox/fork/embox/build/base/obj/module/embox/cmd/sys/uname.o \
	/usr/src/embox/fork/embox/build/base/obj/module/embox/cmd/msleep.o \
	/usr/src/embox/fork/embox/build/base/obj/module/embox/cmd/fs/dd.o \
	/usr/src/embox/fork/embox/build/base/obj/module/embox/cmd/fs/cat.o \
	/usr/src/embox/fork/embox/build/base/obj/module/embox/cmd/fs/ls.o \
	/usr/src/embox/fork/embox/build/base/obj/module/embox/cmd/fs/rm.o \
	/usr/src/embox/fork/embox/build/base/obj/module/embox/cmd/fs/mount.o \
	/usr/src/embox/fork/embox/build/base/obj/module/embox/cmd/fs/umount.o \
	/usr/src/embox/fork/embox/build/base/obj/module/embox/cmd/fs/stat.o \
	/usr/src/embox/fork/embox/build/base/obj/module/embox/cmd/fs/echo.o \
	/usr/src/embox/fork/embox/build/base/obj/module/embox/cmd/fs/touch.o \
	/usr/src/embox/fork/embox/build/base/obj/module/embox/cmd/fs/mkdir.o \
	/usr/src/embox/fork/embox/build/base/obj/module/embox/cmd/testing/ticker.o \
	/usr/src/embox/fork/embox/build/base/obj/module/embox/cmd/hardware/pin.o \
	/usr/src/embox/fork/embox/build/base/obj/module/embox/cmd/hw/lsblk.o \
	/usr/src/embox/fork/embox/build/base/obj/module/embox/cmd/hw/flash_erase.o \
	/usr/src/embox/fork/embox/build/base/obj/module/embox/cmd/hw/mem.o \
	/usr/src/embox/fork/embox/build/base/obj/module/embox/cmd/hw/pwm.o \
	/usr/src/embox/fork/embox/build/base/obj/module/embox/cmd/hardware/spi.o \
	/usr/src/embox/fork/embox/build/base/obj/module/embox/cmd/i2c_tools/i2cdetect.o \
	/usr/src/embox/fork/embox/build/base/obj/module/embox/cmd/i2c_tools/i2cdump.o \
	/usr/src/embox/fork/embox/build/base/obj/module/embox/cmd/i2c_tools/i2cget.o \
	/usr/src/embox/fork/embox/build/base/obj/module/embox/cmd/i2c_tools/i2cset.o \
	/usr/src/embox/fork/embox/build/base/obj/module/embox/kernel/klog.o \
	/usr/src/embox/fork/embox/build/base/obj/module/embox/init/system_abs_time_rtc.o \
	/usr/src/embox/fork/embox/build/base/obj/module/platform/generic/platform_shutdown_stub.o \
	/usr/src/embox/fork/embox/build/base/obj/module/embox/init/no_system_start.o \
	/usr/src/embox/fork/embox/build/base/obj/module/embox/arch/riscv/kernel/boot.o \
	/usr/src/embox/fork/embox/build/base/obj/module/embox/arch/riscv/kernel/entry.o \
	/usr/src/embox/fork/embox/build/base/obj/module/embox/kernel/thread/signal_impl.o \
	/usr/src/embox/fork/embox/build/base/obj/module/embox/compat/posix/proc/atexit_stub.o \
	/usr/src/embox/fork/embox/build/base/obj/module/embox/kernel/task/resource/argv.o \
	/usr/src/embox/fork/embox/build/base/obj/module/embox/kernel/task/resource/vfork.o \
	/usr/src/embox/fork/embox/build/base/obj/module/embox/kernel/time/clock_source.o \
	/usr/src/embox/fork/embox/build/base/obj/module/embox/mem/pool_ndebug.o \
	/usr/src/embox/fork/embox/build/base/obj/module/embox/driver/serial/core_tty.o \
	/usr/src/embox/fork/embox/build/base/obj/module/embox/driver/serial/uart_repo_with_dynamic.o \
	/usr/src/embox/fork/embox/build/base/obj/module/embox/driver/tty/termios_ops.o \
	/usr/src/embox/fork/embox/build/base/obj/module/embox/driver/block_dev.o \
	/usr/src/embox/fork/embox/build/base/obj/module/embox/mem/phymem.o \
	/usr/src/embox/fork/embox/build/base/obj/module/embox/mem/vmem_device_memory_stub.o \
	/usr/src/embox/fork/embox/build/base/obj/module/embox/mem/sections.o \
	/usr/src/embox/fork/embox/build/base/obj/module/embox/fs/buffer_cache.o \
	/usr/src/embox/fork/embox/build/base/obj/module/embox/mem/sysmalloc_task_based.o \
	/usr/src/embox/fork/embox/build/base/obj/module/embox/driver/buffer_no_crypt.o \
	/usr/src/embox/fork/embox/build/base/obj/module/embox/device/common.o \
	/usr/src/embox/fork/embox/build/base/obj/module/embox/driver/gpio/core.o \
	/usr/src/embox/fork/embox/build/base/obj/module/embox/driver/spi/pl022_spi_drv.o \
	/usr/src/embox/fork/embox/build/base/obj/module/embox/driver/spi/core.o \
	/usr/src/embox/fork/embox/build/base/obj/module/embox/device/char_dev.o \
	/usr/src/embox/fork/embox/build/base/obj/module/embox/kernel/task/idesc.o \
	/usr/src/embox/fork/embox/build/base/obj/module/embox/driver/dma/no_dma.o \
	/usr/src/embox/fork/embox/build/base/obj/module/embox/driver/i2c_core.o \
	/usr/src/embox/fork/embox/build/base/obj/module/embox/driver/i2c/niiet/vg015_i2c_drv.o \
	/usr/src/embox/fork/embox/build/base/obj/module/embox/driver/pwm/niiet_pwm_drv.o \
	/usr/src/embox/fork/embox/build/base/obj/module/embox/driver/pwm/pwm_dev.o \
	/usr/src/embox/fork/embox/build/base/obj/module/embox/kernel/task/idesc_event.o \
	/usr/src/embox/fork/embox/build/base/obj/module/embox/kernel/thread/sem.o \
	/usr/src/embox/fork/embox/build/base/obj/module/embox/kernel/sched/sched.o \
	/usr/src/embox/fork/embox/build/base/obj/module/embox/kernel/sched/idle_light.o \
	/usr/src/embox/fork/embox/build/base/obj/module/embox/kernel/sched/boot_thread.o \
	/usr/src/embox/fork/embox/build/base/obj/module/embox/kernel/sched/strategy/runq/prioq.o \
	/usr/src/embox/fork/embox/build/base/obj/module/embox/kernel/sched/priority/inherit.o \
	/usr/src/embox/fork/embox/build/base/obj/module/embox/profiler/no_tracing.o \
	/usr/src/embox/fork/embox/build/base/obj/module/embox/kernel/sched/wait_queue.o \
	/usr/src/embox/fork/embox/build/base/obj/module/embox/kernel/sched/waitq_protect_link_stub.o \
	/usr/src/embox/fork/embox/build/base/obj/module/embox/kernel/sched/current/default.o \
	/usr/src/embox/fork/embox/build/base/obj/module/embox/kernel/thread/barrier.o \
	/usr/src/embox/fork/embox/build/base/obj/module/embox/kernel/thread/cond.o \
	/usr/src/embox/fork/embox/build/base/obj/module/embox/kernel/thread/rwlock.o \
	/usr/src/embox/fork/embox/build/base/obj/module/embox/kernel/thread/sched_wait.o \
	/usr/src/embox/fork/embox/build/base/obj/module/embox/driver/tty/task_breaking_enable.o \
	/usr/src/embox/fork/embox/build/base/obj/module/embox/kernel/irq_lock.o \
	/usr/src/embox/fork/embox/build/base/obj/module/embox/kernel/irq_stack_no_protection.o \
	/usr/src/embox/fork/embox/build/base/obj/module/embox/mem/pool_adapter.o \
	/usr/src/embox/fork/embox/build/base/obj/module/embox/kernel/task/kernel_task.o \
	/usr/src/embox/fork/embox/build/base/obj/module/embox/kernel/task/task_resource.o \
	/usr/src/embox/fork/embox/build/base/obj/module/embox/kernel/task/resource/atexit.o \
	/usr/src/embox/fork/embox/build/base/obj/module/embox/kernel/task/task_table.o \
	/usr/src/embox/fork/embox/build/base/obj/module/embox/kernel/sched/timing/running.o \
	/usr/src/embox/fork/embox/build/base/obj/module/embox/kernel/thread/thread_allocator_pool.o \
	/usr/src/embox/fork/embox/build/base/obj/module/embox/kernel/sched/sched_ticker_preempt.o \
	/usr/src/embox/fork/embox/build/base/obj/module/embox/kernel/thread/fixed_stack.o \
	/usr/src/embox/fork/embox/build/base/obj/module/embox/kernel/cpu/common.o \
	/usr/src/embox/fork/embox/build/base/obj/module/embox/kernel/thread/stack_protect_none.o \
	/usr/src/embox/fork/embox/build/base/obj/module/embox/kernel/sched/mutex.o \
	/usr/src/embox/fork/embox/build/base/obj/module/embox/fs/dvfs/core.o \
	/usr/src/embox/fork/embox/build/base/obj/module/embox/fs/file_desc_dvfs.o \
	/usr/src/embox/fork/embox/build/base/obj/module/embox/fs/dvfs/super_block.o \
	/usr/src/embox/fork/embox/build/base/obj/module/embox/fs/fs_driver.o \
	/usr/src/embox/fork/embox/build/base/obj/module/embox/fs/idesc_file_ops.o \
	/usr/src/embox/fork/embox/build/base/obj/module/embox/fs/path_helper.o \
	/usr/src/embox/fork/embox/build/base/obj/module/embox/fs/dvfs/trivial.o \
	/usr/src/embox/fork/embox/build/base/obj/module/embox/fs/dvfs/compat.o \
	/usr/src/embox/fork/embox/build/base/obj/module/embox/fs/fuse/fuse_none.o \
	/usr/src/embox/fork/embox/build/base/obj/module/embox/kernel/task/resource/vfs.o \
	/usr/src/embox/fork/embox/build/base/obj/module/embox/net/sock.o \
	/usr/src/embox/fork/embox/build/base/obj/module/embox/net/family.o \
	/usr/src/embox/fork/embox/build/base/obj/module/embox/net/net_sock.o \
	/usr/src/embox/fork/embox/build/base/obj/module/embox/security/no_security.o \
	/usr/src/embox/fork/embox/build/base/obj/module/embox/net/socket.o \
	/usr/src/embox/fork/embox/build/base/obj/module/embox/net/dev.o \
	/usr/src/embox/fork/embox/build/base/obj/module/embox/net/lib/tcp.o \
	/usr/src/embox/fork/embox/build/base/obj/module/embox/net/lib/ipv4.o \
	/usr/src/embox/fork/embox/build/base/obj/module/embox/net/lib/ipv6.o \
	/usr/src/embox/fork/embox/build/base/obj/module/embox/net/ipv4.o \
	/usr/src/embox/fork/embox/build/base/obj/module/embox/net/raw_sock.o \
	/usr/src/embox/fork/embox/build/base/obj/module/embox/net/netfilter.o \
	/usr/src/embox/fork/embox/build/base/obj/module/embox/net/icmpv4.o \
	/usr/src/embox/fork/embox/build/base/obj/module/embox/net/proto.o \
	/usr/src/embox/fork/embox/build/base/obj/module/embox/net/lib/icmpv4.o \
	/usr/src/embox/fork/embox/build/base/obj/module/embox/net/net_tx.o \
	/usr/src/embox/fork/embox/build/base/obj/module/embox/net/net_entry.o \
	/usr/src/embox/fork/embox/build/base/obj/module/embox/net/net_rx.o \
	/usr/src/embox/fork/embox/build/base/obj/module/embox/net/net_no_crypt.o \
	/usr/src/embox/fork/embox/build/base/obj/module/embox/net/packet.o \
	/usr/src/embox/fork/embox/build/base/obj/module/embox/net/net_pack.o \
	/usr/src/embox/fork/embox/build/base/obj/module/embox/net/no_af_packet.o \
	/usr/src/embox/fork/embox/build/base/obj/module/embox/kernel/lthread/lthread.o \
	/usr/src/embox/fork/embox/build/base/obj/module/embox/net/neighbour.o \
	/usr/src/embox/fork/embox/build/base/obj/module/embox/net/arp.o \
	/usr/src/embox/fork/embox/build/base/obj/module/embox/net/core_no_net_ns.o \
	/usr/src/embox/fork/embox/build/base/obj/module/embox/net/lib/arp.o \
	/usr/src/embox/fork/embox/build/base/obj/module/embox/net/ndp.o \
	/usr/src/embox/fork/embox/build/base/obj/module/embox/net/lib/icmpv6.o \
	/usr/src/embox/fork/embox/build/base/obj/module/embox/net/route_no_net_ns.o \
	/usr/src/embox/fork/embox/build/base/obj/module/embox/framework/mod.o \
	/usr/src/embox/fork/embox/build/base/obj/module/embox/framework/cmd.o \
	/usr/src/embox/fork/embox/build/base/obj/module/embox/framework/test.o \
	/usr/src/embox/fork/embox/build/base/obj/module/embox/framework/unit.o \
	/usr/src/embox/fork/embox/build/base/obj/module/embox/kernel/task/resource/errno.o \
	/usr/src/embox/fork/embox/build/base/obj/module/embox/kernel/task/resource/umask.o \
	/usr/src/embox/fork/embox/build/base/obj/module/embox/mem/mspace_malloc.o \
	/usr/src/embox/fork/embox/build/base/obj/module/embox/mem/boundary_markers.o \
	/usr/src/embox/fork/embox/build/base/obj/module/embox/mem/heap_afterfree_default.o \
	/usr/src/embox/fork/embox/build/base/obj/module/embox/kernel/task/resource/task_heap.o \
	/usr/src/embox/fork/embox/build/base/obj/module/embox/lib/rl_linenoise.o \
	/usr/src/embox/fork/embox/build/base/obj/module/embox/cmd/sh/shell_registry.o \
	/usr/src/embox/fork/embox/build/base/obj/module/embox/kernel/task/resource/u_area.o \
	/usr/src/embox/fork/embox/build/base/obj/module/embox/kernel/task/syslib/waitpid.o \
	/usr/src/embox/fork/embox/build/base/obj/module/embox/kernel/task/resource/waitpid.o \
	/usr/src/embox/fork/embox/build/base/obj/module/embox/kernel/timer/sleep.o \
	/usr/src/embox/fork/embox/build/base/obj/module/embox/cmd/exit.o \
	/usr/src/embox/fork/embox/build/base/obj/module/embox/cmd/logout.o \
	/usr/src/embox/fork/embox/build/base/obj/module/embox/init/setup_tty_dev.o \
	/usr/src/embox/fork/embox/build/base/obj/module/embox/lib/debug/buildinfo.o \
	/usr/src/embox/fork/embox/build/base/obj/module/embox/util/pretty_print.o \
	/usr/src/embox/fork/embox/build/base/obj/module/embox/kernel/thread/signal/sigstate.o \
	/usr/src/embox/fork/embox/build/base/obj/module/embox/kernel/thread/signal/lock.o \
	/usr/src/embox/fork/embox/build/base/obj/module/embox/driver/tty/serial.o \
	/usr/src/embox/fork/embox/build/base/obj/module/embox/net/net_namespace_stub.o \
	/usr/src/embox/fork/embox/build/base/obj/module/third_party/lib/linenoise.o \
	/usr/src/embox/fork/embox/build/base/obj/module/embox/kernel/task/resource/linenoise.o \
	/usr/src/embox/fork/embox/build/base/obj/module/embox/init/diag_fd.o \
	--start-group \
	\
	/usr/src/embox/fork/embox/build/base/obj/module/embox/compat/libc/stdlib/config.a \
	/usr/src/embox/fork/embox/build/base/obj/module/embox/compat/libc/stdlib/rand.a \
	/usr/src/embox/fork/embox/build/base/obj/module/embox/compat/libc/math_simple.a \
	/usr/src/embox/fork/embox/build/base/obj/module/embox/compat/libc/stdlib/core.a \
	/usr/src/embox/fork/embox/build/base/obj/module/embox/compat/libc/str.a \
	/usr/src/embox/fork/embox/build/base/obj/module/embox/compat/libc/type.a \
	/usr/src/embox/fork/embox/build/base/obj/module/embox/compat/libc/stdio/print.a \
	/usr/src/embox/fork/embox/build/base/obj/module/embox/lib/printk.a \
	/usr/src/embox/fork/embox/build/base/obj/module/embox/compat/libc/stdio/sprintf.a \
	/usr/src/embox/fork/embox/build/base/obj/module/embox/kernel/task/poll_table.a \
	/usr/src/embox/fork/embox/build/base/obj/module/embox/compat/libc/assert.a \
	/usr/src/embox/fork/embox/build/base/obj/module/embox/compat/libc/stdio/file_pool.a \
	/usr/src/embox/fork/embox/build/base/obj/module/embox/compat/posix/index_descriptor.a \
	/usr/src/embox/fork/embox/build/base/obj/module/embox/compat/posix/util/environ.a \
	/usr/src/embox/fork/embox/build/base/obj/module/third_party/lib/cwalk.a \
	/usr/src/embox/fork/embox/build/base/obj/module/embox/compat/libc/stdio/funopen.a \
	/usr/src/embox/fork/embox/build/base/obj/module/embox/lib/libds_dlist.a \
	/usr/src/embox/fork/embox/build/base/obj/module/embox/compat/posix/file_system_common.a \
	/usr/src/embox/fork/embox/build/base/obj/module/embox/compat/posix/libgen.a \
	/usr/src/embox/fork/embox/build/base/obj/module/embox/compat/libc/stdio/fwrite.a \
	/usr/src/embox/fork/embox/build/base/obj/module/embox/compat/libc/stdio/stdio_streams_global.a \
	/usr/src/embox/fork/embox/build/base/obj/module/embox/lib/libds.a \
	/usr/src/embox/fork/embox/build/base/obj/module/embox/compat/posix/file_system_dvfs.a \
	/usr/src/embox/fork/embox/build/base/obj/module/embox/compat/libc/stdio/fputc.a \
	/usr/src/embox/fork/embox/build/base/obj/module/embox/compat/posix/proc/sigset.a \
	/usr/src/embox/fork/embox/build/base/obj/module/embox/compat/libc/stdio/open.a \
	/usr/src/embox/fork/embox/build/base/obj/module/embox/compat/libc/stdio/fputs.a \
	/usr/src/embox/fork/embox/build/base/obj/module/embox/compat/posix/proc/signal.a \
	/usr/src/embox/fork/embox/build/base/obj/module/embox/lib/Tokenizer.a \
	/usr/src/embox/fork/embox/build/base/obj/module/embox/compat/libc/stdio/file_ops.a \
	/usr/src/embox/fork/embox/build/base/obj/module/embox/lib/crypt/md5.a \
	/usr/src/embox/fork/embox/build/base/obj/module/embox/lib/crypt/crc32.a \
	/usr/src/embox/fork/embox/build/base/obj/module/embox/lib/crypt/crc16.a \
	/usr/src/embox/fork/embox/build/base/obj/module/embox/lib/crypt/b64.a \
	/usr/src/embox/fork/embox/build/base/obj/module/embox/lib/crypt/des.a \
	/usr/src/embox/fork/embox/build/base/obj/module/embox/lib/crypt/sha1.a \
	/usr/src/embox/fork/embox/build/base/obj/module/embox/compat/posix/proc/exit.a \
	/usr/src/embox/fork/embox/build/base/obj/module/embox/compat/libc/stdlib/system.a \
	/usr/src/embox/fork/embox/build/base/obj/module/embox/compat/libc/stdlib/multibyte.a \
	/usr/src/embox/fork/embox/build/base/obj/module/embox/compat/libc/stdlib/mktemp.a \
	/usr/src/embox/fork/embox/build/base/obj/module/embox/compat/libc/stdlib/gcvt.a \
	/usr/src/embox/fork/embox/build/base/obj/module/embox/compat/libc/stdio/fseek.a \
	/usr/src/embox/fork/embox/build/base/obj/module/embox/compat/libc/stdio/scanf.a \
	/usr/src/embox/fork/embox/build/base/obj/module/embox/compat/libc/stdio/perror.a \
	/usr/src/embox/fork/embox/build/base/obj/module/embox/compat/libc/stdio/div.a \
	/usr/src/embox/fork/embox/build/base/obj/module/embox/compat/libc/stdio/tmpfile_stub.a \
	/usr/src/embox/fork/embox/build/base/obj/module/embox/compat/libc/stdio/ppipe_stub.a \
	/usr/src/embox/fork/embox/build/base/obj/module/embox/compat/posix/proc/vfork_entry.a \
	/usr/src/embox/fork/embox/build/base/obj/module/embox/compat/libc/int_types.a \
	/usr/src/embox/fork/embox/build/base/obj/module/embox/compat/libc/str_dup.a \
	/usr/src/embox/fork/embox/build/base/obj/module/embox/compat/libc/wchar.a \
	/usr/src/embox/fork/embox/build/base/obj/module/embox/compat/libc/locale_stub.a \
	/usr/src/embox/fork/embox/build/base/obj/module/embox/compat/posix/crypt.a \
	/usr/src/embox/fork/embox/build/base/obj/module/embox/arch/riscv/vfork.a \
	/usr/src/embox/fork/embox/build/base/obj/module/embox/compat/posix/util/utsname.a \
	/usr/src/embox/fork/embox/build/base/obj/module/embox/compat/posix/termios.a \
	/usr/src/embox/fork/embox/build/base/obj/module/embox/lib/sysctl.a \
	/usr/src/embox/fork/embox/build/base/obj/module/embox/compat/libc/stdio/printf.a \
	/usr/src/embox/fork/embox/build/base/obj/module/embox/compat/posix/util/sleep.a \
	/usr/src/embox/fork/embox/build/base/obj/module/embox/compat/posix/passwd.a \
	/usr/src/embox/fork/embox/build/base/obj/module/embox/compat/posix/proc/waitpid.a \
	/usr/src/embox/fork/embox/build/base/obj/module/embox/compat/posix/proc/uid.a \
	/usr/src/embox/fork/embox/build/base/obj/module/embox/compat/posix/proc/pid.a \
	/usr/src/embox/fork/embox/build/base/obj/module/embox/compat/posix/util/getopt.a \
	/usr/src/embox/fork/embox/build/base/obj/module/embox/compat/posix/net/inet_addr.a \
	/usr/src/embox/fork/embox/build/base/obj/module/embox/compat/posix/net/socket.a \
	/usr/src/embox/fork/embox/build/base/obj/module/embox/compat/posix/util/gettimeofday.a \
	/usr/src/embox/fork/embox/build/base/obj/module/embox/fs/syslib/kfile/kfile_dvfs.a \
	/usr/src/embox/fork/embox/build/base/obj/module/embox/compat/posix/util/time.a \
	/usr/src/embox/fork/embox/build/base/obj/module/embox/compat/posix/proc/vfork_exchanged.a \
	/usr/src/embox/fork/embox/build/base/obj/module/embox/arch/riscv/libarch.a \
	/usr/src/embox/fork/embox/build/base/obj/module/embox/kernel/time/timeval.a \
	/usr/src/embox/fork/embox/build/base/obj/module/third_party/lib/libgcc_toolchain.a \
	/usr/src/embox/fork/embox/build/base/obj/module/embox/compat/posix/util/gethostname.a \
	/usr/src/embox/fork/embox/build/base/obj/module/embox/util/log.a \
	--end-group \
--cref -Map /usr/src/embox/fork/embox/build/base/obj/embox-2.o.map \
-o /usr/src/embox/fork/embox/build/base/obj/embox-2.o
riscv64-unknown-elf-ld --relax -static -nostdlib -znoexecstack -melf32lriscv \
--gc-sections \
-T /usr/src/embox/fork/embox/build/base/obj/image.lds \
/usr/src/embox/fork/embox/build/base/obj/embox-2.o \
 \
--print-memory-usage \
-o /usr/src/embox/fork/embox/build/base/bin/embox | tee /usr/src/embox/fork/embox/build/base/bin/embox.mem
Memory region         Used Size  Region Size  %age Used
             RAM:      192768 B       256 KB     73.54%
             ROM:      473156 B      1019 KB     45.35%
        SRAM_CCM:           0 B        64 KB      0.00%
   text	   data	    bss	    dec	    hex	filename
 357786	 115364	 188672	 661822	  a193e	/usr/src/embox/fork/embox/build/base/bin/embox
Build complete
